****                   ADMIXTURE Version 1.3.0                  ****
****                    Copyright 2008-2015                     ****
****           David Alexander, Suyash Shringarpure,            ****
****                John  Novembre, Ken Lange                   ****
****                                                            ****
****                 Please cite our paper!                     ****
****   Information at www.genetics.ucla.edu/software/admixture  ****

Cross-validation will be performed.  Folds=10.
Random seed: 43
Point estimation method: Block relaxation algorithm
Convergence acceleration algorithm: QuasiNewton, 3 secant conditions
Point estimation will terminate when objective function delta < 0.0001
Estimation of standard errors disabled; will compute point estimates only.
Size of G: 448x37718
Performing five EM steps to prime main algorithm
1 (EM) 	Elapsed: 1.879	Loglikelihood: -8.95727e+06	(delta): 1.61775e+07
2 (EM) 	Elapsed: 1.867	Loglikelihood: -8.43285e+06	(delta): 524416
3 (EM) 	Elapsed: 1.869	Loglikelihood: -8.35338e+06	(delta): 79474.7
4 (EM) 	Elapsed: 1.869	Loglikelihood: -8.31074e+06	(delta): 42642.2
5 (EM) 	Elapsed: 1.868	Loglikelihood: -8.27944e+06	(delta): 31299.3
Initial loglikelihood: -8.27944e+06
Starting main algorithm
1 (QN/Block) 	Elapsed: 5.438	Loglikelihood: -7.80795e+06	(delta): 471491
2 (QN/Block) 	Elapsed: 5.439	Loglikelihood: -7.57868e+06	(delta): 229265
3 (QN/Block) 	Elapsed: 5.79	Loglikelihood: -7.48179e+06	(delta): 96890.9
4 (QN/Block) 	Elapsed: 5.959	Loglikelihood: -7.43629e+06	(delta): 45499.8
5 (QN/Block) 	Elapsed: 6.118	Loglikelihood: -7.42129e+06	(delta): 14998.2
6 (QN/Block) 	Elapsed: 5.956	Loglikelihood: -7.41603e+06	(delta): 5260.38
7 (QN/Block) 	Elapsed: 6.117	Loglikelihood: -7.41443e+06	(delta): 1597.16
8 (QN/Block) 	Elapsed: 5.944	Loglikelihood: -7.41398e+06	(delta): 452.052
9 (QN/Block) 	Elapsed: 5.779	Loglikelihood: -7.41373e+06	(delta): 249.695
10 (QN/Block) 	Elapsed: 5.948	Loglikelihood: -7.41358e+06	(delta): 152.431
11 (QN/Block) 	Elapsed: 5.945	Loglikelihood: -7.41353e+06	(delta): 53.3494
12 (QN/Block) 	Elapsed: 5.94	Loglikelihood: -7.4135e+06	(delta): 25.1694
13 (QN/Block) 	Elapsed: 5.766	Loglikelihood: -7.41349e+06	(delta): 10.8157
14 (QN/Block) 	Elapsed: 5.775	Loglikelihood: -7.41348e+06	(delta): 8.32201
15 (QN/Block) 	Elapsed: 5.775	Loglikelihood: -7.41347e+06	(delta): 7.23622
16 (QN/Block) 	Elapsed: 5.785	Loglikelihood: -7.41347e+06	(delta): 5.59743
17 (QN/Block) 	Elapsed: 5.812	Loglikelihood: -7.41347e+06	(delta): 3.37035
18 (QN/Block) 	Elapsed: 5.776	Loglikelihood: -7.41346e+06	(delta): 0.825043
19 (QN/Block) 	Elapsed: 5.768	Loglikelihood: -7.41346e+06	(delta): 0.230888
20 (QN/Block) 	Elapsed: 5.776	Loglikelihood: -7.41346e+06	(delta): 0.0986048
21 (QN/Block) 	Elapsed: 5.776	Loglikelihood: -7.41346e+06	(delta): 0.0198501
22 (QN/Block) 	Elapsed: 5.766	Loglikelihood: -7.41346e+06	(delta): 0.00231962
23 (QN/Block) 	Elapsed: 5.775	Loglikelihood: -7.41346e+06	(delta): 0.000343171
24 (QN/Block) 	Elapsed: 5.776	Loglikelihood: -7.41346e+06	(delta): 6.88313e-05
Summary: 
Converged in 24 iterations (154.585 sec)
Loglikelihood: -7413464.553357
Fst divergences between estimated populations: 
	Pop0	Pop1	Pop2	Pop3	Pop4	Pop5	
Pop0	
Pop1	0.130	
Pop2	0.117	0.128	
Pop3	0.145	0.166	0.115	
Pop4	0.125	0.130	0.126	0.169	
Pop5	0.090	0.096	0.075	0.124	0.095	
Pop6	0.088	0.105	0.081	0.132	0.104	0.052	
CV error (K=7): 0.26355
Writing output files.
