****                   ADMIXTURE Version 1.3.0                  ****
****                    Copyright 2008-2015                     ****
****           David Alexander, Suyash Shringarpure,            ****
****                John  Novembre, Ken Lange                   ****
****                                                            ****
****                 Please cite our paper!                     ****
****   Information at www.genetics.ucla.edu/software/admixture  ****

Cross-validation will be performed.  Folds=10.
Random seed: 43
Point estimation method: Block relaxation algorithm
Convergence acceleration algorithm: QuasiNewton, 3 secant conditions
Point estimation will terminate when objective function delta < 0.0001
Estimation of standard errors disabled; will compute point estimates only.
Size of G: 448x37718
Performing five EM steps to prime main algorithm
1 (EM) 	Elapsed: 2.696	Loglikelihood: -8.96097e+06	(delta): 1.57819e+07
2 (EM) 	Elapsed: 2.688	Loglikelihood: -8.42185e+06	(delta): 539126
3 (EM) 	Elapsed: 2.698	Loglikelihood: -8.34678e+06	(delta): 75061.6
4 (EM) 	Elapsed: 2.673	Loglikelihood: -8.30756e+06	(delta): 39224.4
5 (EM) 	Elapsed: 2.704	Loglikelihood: -8.27842e+06	(delta): 29137.8
Initial loglikelihood: -8.27842e+06
Starting main algorithm
1 (QN/Block) 	Elapsed: 8.02	Loglikelihood: -7.75668e+06	(delta): 521745
2 (QN/Block) 	Elapsed: 8.006	Loglikelihood: -7.49013e+06	(delta): 266551
3 (QN/Block) 	Elapsed: 8.645	Loglikelihood: -7.38088e+06	(delta): 109249
4 (QN/Block) 	Elapsed: 8.933	Loglikelihood: -7.33974e+06	(delta): 41133
5 (QN/Block) 	Elapsed: 8.371	Loglikelihood: -7.32388e+06	(delta): 15861.1
6 (QN/Block) 	Elapsed: 8.547	Loglikelihood: -7.30389e+06	(delta): 19987.1
7 (QN/Block) 	Elapsed: 8.77	Loglikelihood: -7.28558e+06	(delta): 18317.1
8 (QN/Block) 	Elapsed: 8.332	Loglikelihood: -7.27639e+06	(delta): 9191.86
9 (QN/Block) 	Elapsed: 8.51	Loglikelihood: -7.27306e+06	(delta): 3326.24
10 (QN/Block) 	Elapsed: 8.59	Loglikelihood: -7.2721e+06	(delta): 961.117
11 (QN/Block) 	Elapsed: 8.422	Loglikelihood: -7.27199e+06	(delta): 108.905
12 (QN/Block) 	Elapsed: 8.286	Loglikelihood: -7.27197e+06	(delta): 21.7155
13 (QN/Block) 	Elapsed: 8.415	Loglikelihood: -7.27196e+06	(delta): 4.85514
14 (QN/Block) 	Elapsed: 8.41	Loglikelihood: -7.27196e+06	(delta): 1.70853
15 (QN/Block) 	Elapsed: 8.42	Loglikelihood: -7.27196e+06	(delta): 0.149106
16 (QN/Block) 	Elapsed: 8.389	Loglikelihood: -7.27196e+06	(delta): 0.0177585
17 (QN/Block) 	Elapsed: 8.364	Loglikelihood: -7.27196e+06	(delta): 0.00326137
18 (QN/Block) 	Elapsed: 8.446	Loglikelihood: -7.27196e+06	(delta): 0.00123813
19 (QN/Block) 	Elapsed: 8.429	Loglikelihood: -7.27196e+06	(delta): 0.000191064
20 (QN/Block) 	Elapsed: 8.412	Loglikelihood: -7.27196e+06	(delta): 7.75503e-05
Summary: 
Converged in 20 iterations (187.644 sec)
Loglikelihood: -7271960.992330
Fst divergences between estimated populations: 
	Pop0	Pop1	Pop2	Pop3	Pop4	Pop5	Pop6	Pop7	
Pop0	
Pop1	0.062	
Pop2	0.112	0.105	
Pop3	0.061	0.059	0.107	
Pop4	0.125	0.119	0.137	0.123	
Pop5	0.132	0.126	0.140	0.133	0.142	
Pop6	0.091	0.105	0.152	0.104	0.166	0.169	
Pop7	0.096	0.105	0.158	0.107	0.167	0.168	0.131	
Pop8	0.108	0.116	0.163	0.107	0.170	0.160	0.149	0.151	
CV error (K=9): 0.26012
Writing output files.
