****                   ADMIXTURE Version 1.3.0                  ****
****                    Copyright 2008-2015                     ****
****           David Alexander, Suyash Shringarpure,            ****
****                John  Novembre, Ken Lange                   ****
****                                                            ****
****                 Please cite our paper!                     ****
****   Information at www.genetics.ucla.edu/software/admixture  ****

Cross-validation will be performed.  Folds=10.
Random seed: 43
Point estimation method: Block relaxation algorithm
Convergence acceleration algorithm: QuasiNewton, 3 secant conditions
Point estimation will terminate when objective function delta < 0.0001
Estimation of standard errors disabled; will compute point estimates only.
Size of G: 448x37718
Performing five EM steps to prime main algorithm
1 (EM) 	Elapsed: 0.543	Loglikelihood: -8.67264e+06	(delta): 2.04357e+07
2 (EM) 	Elapsed: 0.544	Loglikelihood: -8.36908e+06	(delta): 303562
3 (EM) 	Elapsed: 0.542	Loglikelihood: -8.30643e+06	(delta): 62652
4 (EM) 	Elapsed: 0.543	Loglikelihood: -8.27661e+06	(delta): 29819.6
5 (EM) 	Elapsed: 0.543	Loglikelihood: -8.262e+06	(delta): 14603.8
Initial loglikelihood: -8.262e+06
Starting main algorithm
1 (QN/Block) 	Elapsed: 1.217	Loglikelihood: -8.15648e+06	(delta): 105522
2 (QN/Block) 	Elapsed: 1.214	Loglikelihood: -8.06536e+06	(delta): 91124.8
3 (QN/Block) 	Elapsed: 1.43	Loglikelihood: -8.03734e+06	(delta): 28013.8
4 (QN/Block) 	Elapsed: 1.632	Loglikelihood: -8.01265e+06	(delta): 24694.5
5 (QN/Block) 	Elapsed: 1.742	Loglikelihood: -8.0053e+06	(delta): 7346.67
6 (QN/Block) 	Elapsed: 1.628	Loglikelihood: -8.00315e+06	(delta): 2153.41
7 (QN/Block) 	Elapsed: 1.748	Loglikelihood: -8.00263e+06	(delta): 522.551
8 (QN/Block) 	Elapsed: 1.64	Loglikelihood: -8.00253e+06	(delta): 96.6202
9 (QN/Block) 	Elapsed: 1.414	Loglikelihood: -8.0025e+06	(delta): 29.0359
10 (QN/Block) 	Elapsed: 1.418	Loglikelihood: -8.00249e+06	(delta): 5.9242
11 (QN/Block) 	Elapsed: 1.419	Loglikelihood: -8.00249e+06	(delta): 1.83464
12 (QN/Block) 	Elapsed: 1.417	Loglikelihood: -8.00249e+06	(delta): 0.261601
13 (QN/Block) 	Elapsed: 1.42	Loglikelihood: -8.00249e+06	(delta): 0.0340263
14 (QN/Block) 	Elapsed: 1.424	Loglikelihood: -8.00249e+06	(delta): 0.00553005
15 (QN/Block) 	Elapsed: 1.423	Loglikelihood: -8.00249e+06	(delta): 0.000164105
16 (QN/Block) 	Elapsed: 1.419	Loglikelihood: -8.00249e+06	(delta): 9.47062e-06
Summary: 
Converged in 16 iterations (28.931 sec)
Loglikelihood: -8002491.962532
Fst divergences between estimated populations: 
	Pop0	
Pop0	
Pop1	0.079	
CV error (K=2): 0.28578
Writing output files.
