****                   ADMIXTURE Version 1.3.0                  ****
****                    Copyright 2008-2015                     ****
****           David Alexander, Suyash Shringarpure,            ****
****                John  Novembre, Ken Lange                   ****
****                                                            ****
****                 Please cite our paper!                     ****
****   Information at www.genetics.ucla.edu/software/admixture  ****

Cross-validation will be performed.  Folds=10.
Random seed: 43
Point estimation method: Block relaxation algorithm
Convergence acceleration algorithm: QuasiNewton, 3 secant conditions
Point estimation will terminate when objective function delta < 0.0001
Estimation of standard errors disabled; will compute point estimates only.
Size of G: 448x37718
Performing five EM steps to prime main algorithm
1 (EM) 	Elapsed: 1.725	Loglikelihood: -8.96162e+06	(delta): 1.64792e+07
2 (EM) 	Elapsed: 1.759	Loglikelihood: -8.44407e+06	(delta): 517546
3 (EM) 	Elapsed: 1.725	Loglikelihood: -8.36339e+06	(delta): 80687.3
4 (EM) 	Elapsed: 1.736	Loglikelihood: -8.32071e+06	(delta): 42673.8
5 (EM) 	Elapsed: 1.686	Loglikelihood: -8.29028e+06	(delta): 30435.3
Initial loglikelihood: -8.29028e+06
Starting main algorithm
1 (QN/Block) 	Elapsed: 5.469	Loglikelihood: -7.85958e+06	(delta): 430693
2 (QN/Block) 	Elapsed: 5.409	Loglikelihood: -7.68536e+06	(delta): 174224
3 (QN/Block) 	Elapsed: 5.879	Loglikelihood: -7.60881e+06	(delta): 76550.8
4 (QN/Block) 	Elapsed: 5.819	Loglikelihood: -7.56144e+06	(delta): 47363.1
5 (QN/Block) 	Elapsed: 5.978	Loglikelihood: -7.53419e+06	(delta): 27250.5
6 (QN/Block) 	Elapsed: 5.604	Loglikelihood: -7.51765e+06	(delta): 16543.9
7 (QN/Block) 	Elapsed: 5.908	Loglikelihood: -7.50316e+06	(delta): 14486.2
8 (QN/Block) 	Elapsed: 5.858	Loglikelihood: -7.49856e+06	(delta): 4604.88
9 (QN/Block) 	Elapsed: 5.465	Loglikelihood: -7.49649e+06	(delta): 2069.02
10 (QN/Block) 	Elapsed: 5.621	Loglikelihood: -7.49556e+06	(delta): 932.747
11 (QN/Block) 	Elapsed: 5.746	Loglikelihood: -7.49528e+06	(delta): 279.225
12 (QN/Block) 	Elapsed: 5.748	Loglikelihood: -7.49521e+06	(delta): 67.4179
13 (QN/Block) 	Elapsed: 5.832	Loglikelihood: -7.49519e+06	(delta): 25.8499
14 (QN/Block) 	Elapsed: 5.757	Loglikelihood: -7.49518e+06	(delta): 6.96939
15 (QN/Block) 	Elapsed: 5.777	Loglikelihood: -7.49518e+06	(delta): 2.52162
16 (QN/Block) 	Elapsed: 5.786	Loglikelihood: -7.49517e+06	(delta): 1.1345
17 (QN/Block) 	Elapsed: 5.832	Loglikelihood: -7.49517e+06	(delta): 0.137654
18 (QN/Block) 	Elapsed: 5.664	Loglikelihood: -7.49517e+06	(delta): 0.0758178
19 (QN/Block) 	Elapsed: 5.649	Loglikelihood: -7.49517e+06	(delta): 0.043282
20 (QN/Block) 	Elapsed: 5.775	Loglikelihood: -7.49517e+06	(delta): 0.0272041
21 (QN/Block) 	Elapsed: 5.665	Loglikelihood: -7.49517e+06	(delta): 0.000672634
22 (QN/Block) 	Elapsed: 5.657	Loglikelihood: -7.49517e+06	(delta): 3.07178e-05
Summary: 
Converged in 22 iterations (139.512 sec)
Loglikelihood: -7495174.203045
Fst divergences between estimated populations: 
	Pop0	Pop1	Pop2	Pop3	Pop4	
Pop0	
Pop1	0.090	
Pop2	0.121	0.168	
Pop3	0.091	0.130	0.166	
Pop4	0.045	0.097	0.124	0.098	
Pop5	0.074	0.125	0.114	0.128	0.077	
CV error (K=6): 0.26594
Writing output files.
