****                   ADMIXTURE Version 1.3.0                  ****
****                    Copyright 2008-2015                     ****
****           David Alexander, Suyash Shringarpure,            ****
****                John  Novembre, Ken Lange                   ****
****                                                            ****
****                 Please cite our paper!                     ****
****   Information at www.genetics.ucla.edu/software/admixture  ****

Cross-validation will be performed.  Folds=10.
Random seed: 43
Point estimation method: Block relaxation algorithm
Convergence acceleration algorithm: QuasiNewton, 3 secant conditions
Point estimation will terminate when objective function delta < 0.0001
Estimation of standard errors disabled; will compute point estimates only.
Size of G: 448x37718
Performing five EM steps to prime main algorithm
1 (EM) 	Elapsed: 2.258	Loglikelihood: -8.96401e+06	(delta): 1.59593e+07
2 (EM) 	Elapsed: 2.218	Loglikelihood: -8.42867e+06	(delta): 535340
3 (EM) 	Elapsed: 2.227	Loglikelihood: -8.35228e+06	(delta): 76389.3
4 (EM) 	Elapsed: 2.226	Loglikelihood: -8.31267e+06	(delta): 39610.3
5 (EM) 	Elapsed: 2.224	Loglikelihood: -8.28349e+06	(delta): 29178.8
Initial loglikelihood: -8.28349e+06
Starting main algorithm
1 (QN/Block) 	Elapsed: 6.399	Loglikelihood: -7.77014e+06	(delta): 513351
2 (QN/Block) 	Elapsed: 6.411	Loglikelihood: -7.55972e+06	(delta): 210418
3 (QN/Block) 	Elapsed: 6.971	Loglikelihood: -7.47375e+06	(delta): 85972.9
4 (QN/Block) 	Elapsed: 7.144	Loglikelihood: -7.42191e+06	(delta): 51834.1
5 (QN/Block) 	Elapsed: 7.145	Loglikelihood: -7.38717e+06	(delta): 34740.4
6 (QN/Block) 	Elapsed: 6.956	Loglikelihood: -7.36239e+06	(delta): 24781.9
7 (QN/Block) 	Elapsed: 6.952	Loglikelihood: -7.34528e+06	(delta): 17114.6
8 (QN/Block) 	Elapsed: 6.945	Loglikelihood: -7.3395e+06	(delta): 5782.15
9 (QN/Block) 	Elapsed: 6.764	Loglikelihood: -7.33784e+06	(delta): 1659.99
10 (QN/Block) 	Elapsed: 6.751	Loglikelihood: -7.33737e+06	(delta): 460.839
11 (QN/Block) 	Elapsed: 6.756	Loglikelihood: -7.33729e+06	(delta): 86.9432
12 (QN/Block) 	Elapsed: 6.76	Loglikelihood: -7.33728e+06	(delta): 10.7453
13 (QN/Block) 	Elapsed: 6.761	Loglikelihood: -7.33728e+06	(delta): 1.60356
14 (QN/Block) 	Elapsed: 6.767	Loglikelihood: -7.33728e+06	(delta): 0.32108
15 (QN/Block) 	Elapsed: 6.763	Loglikelihood: -7.33728e+06	(delta): 0.0467733
16 (QN/Block) 	Elapsed: 6.756	Loglikelihood: -7.33728e+06	(delta): 0.00405315
17 (QN/Block) 	Elapsed: 6.763	Loglikelihood: -7.33728e+06	(delta): 0.00076861
18 (QN/Block) 	Elapsed: 6.758	Loglikelihood: -7.33728e+06	(delta): 0.000138479
19 (QN/Block) 	Elapsed: 7.304	Loglikelihood: -7.33728e+06	(delta): 8.96864e-06
Summary: 
Converged in 19 iterations (145.941 sec)
Loglikelihood: -7337275.294503
Fst divergences between estimated populations: 
	Pop0	Pop1	Pop2	Pop3	Pop4	Pop5	Pop6	
Pop0	
Pop1	0.136	
Pop2	0.126	0.149	
Pop3	0.082	0.108	0.104	
Pop4	0.115	0.159	0.169	0.133	
Pop5	0.086	0.108	0.091	0.061	0.132	
Pop6	0.130	0.151	0.131	0.107	0.168	0.096	
Pop7	0.079	0.116	0.105	0.059	0.126	0.062	0.105	
CV error (K=8): 0.26157
Writing output files.
