****                   ADMIXTURE Version 1.3.0                  ****
****                    Copyright 2008-2015                     ****
****           David Alexander, Suyash Shringarpure,            ****
****                John  Novembre, Ken Lange                   ****
****                                                            ****
****                 Please cite our paper!                     ****
****   Information at www.genetics.ucla.edu/software/admixture  ****

Cross-validation will be performed.  Folds=10.
Random seed: 43
Point estimation method: Block relaxation algorithm
Convergence acceleration algorithm: QuasiNewton, 3 secant conditions
Point estimation will terminate when objective function delta < 0.0001
Estimation of standard errors disabled; will compute point estimates only.
Size of G: 448x37718
Performing five EM steps to prime main algorithm
1 (EM) 	Elapsed: 1.02	Loglikelihood: -8.92463e+06	(delta): 1.73839e+07
2 (EM) 	Elapsed: 1.024	Loglikelihood: -8.44238e+06	(delta): 482256
3 (EM) 	Elapsed: 1.018	Loglikelihood: -8.36027e+06	(delta): 82110.4
4 (EM) 	Elapsed: 1.036	Loglikelihood: -8.31594e+06	(delta): 44324.7
5 (EM) 	Elapsed: 1.025	Loglikelihood: -8.2856e+06	(delta): 30344.4
Initial loglikelihood: -8.2856e+06
Starting main algorithm
1 (QN/Block) 	Elapsed: 2.701	Loglikelihood: -8.00618e+06	(delta): 279422
2 (QN/Block) 	Elapsed: 2.702	Loglikelihood: -7.84994e+06	(delta): 156233
3 (QN/Block) 	Elapsed: 3.092	Loglikelihood: -7.77868e+06	(delta): 71265.3
4 (QN/Block) 	Elapsed: 3.093	Loglikelihood: -7.74094e+06	(delta): 37736.1
5 (QN/Block) 	Elapsed: 2.958	Loglikelihood: -7.72826e+06	(delta): 12680.6
6 (QN/Block) 	Elapsed: 3.089	Loglikelihood: -7.71963e+06	(delta): 8636.03
7 (QN/Block) 	Elapsed: 2.96	Loglikelihood: -7.71546e+06	(delta): 4164.7
8 (QN/Block) 	Elapsed: 3.337	Loglikelihood: -7.71111e+06	(delta): 4353.66
9 (QN/Block) 	Elapsed: 2.963	Loglikelihood: -7.71015e+06	(delta): 954.58
10 (QN/Block) 	Elapsed: 3.086	Loglikelihood: -7.70984e+06	(delta): 310.322
11 (QN/Block) 	Elapsed: 3.123	Loglikelihood: -7.70978e+06	(delta): 61.8521
12 (QN/Block) 	Elapsed: 2.997	Loglikelihood: -7.70976e+06	(delta): 17.6237
13 (QN/Block) 	Elapsed: 3.008	Loglikelihood: -7.70976e+06	(delta): 8.1906
14 (QN/Block) 	Elapsed: 2.994	Loglikelihood: -7.70975e+06	(delta): 7.68641
15 (QN/Block) 	Elapsed: 3.005	Loglikelihood: -7.70974e+06	(delta): 3.06538
16 (QN/Block) 	Elapsed: 3.001	Loglikelihood: -7.70974e+06	(delta): 1.96035
17 (QN/Block) 	Elapsed: 3.004	Loglikelihood: -7.70974e+06	(delta): 1.7837
18 (QN/Block) 	Elapsed: 3.008	Loglikelihood: -7.70974e+06	(delta): 0.413747
19 (QN/Block) 	Elapsed: 2.994	Loglikelihood: -7.70974e+06	(delta): 0.219193
20 (QN/Block) 	Elapsed: 3.001	Loglikelihood: -7.70974e+06	(delta): 0.0231146
21 (QN/Block) 	Elapsed: 2.994	Loglikelihood: -7.70974e+06	(delta): 0.0141931
22 (QN/Block) 	Elapsed: 2.997	Loglikelihood: -7.70974e+06	(delta): 0.00195391
23 (QN/Block) 	Elapsed: 3.002	Loglikelihood: -7.70974e+06	(delta): 0.000836676
24 (QN/Block) 	Elapsed: 2.995	Loglikelihood: -7.70974e+06	(delta): 0.000140923
25 (QN/Block) 	Elapsed: 2.998	Loglikelihood: -7.70974e+06	(delta): 7.40793e-05
Summary: 
Converged in 25 iterations (84.473 sec)
Loglikelihood: -7709740.402458
Fst divergences between estimated populations: 
	Pop0	Pop1	Pop2	
Pop0	
Pop1	0.091	
Pop2	0.089	0.133	
Pop3	0.051	0.088	0.097	
CV error (K=4): 0.27300
Writing output files.
