****                   ADMIXTURE Version 1.3.0                  ****
****                    Copyright 2008-2015                     ****
****           David Alexander, Suyash Shringarpure,            ****
****                John  Novembre, Ken Lange                   ****
****                                                            ****
****                 Please cite our paper!                     ****
****   Information at www.genetics.ucla.edu/software/admixture  ****

Cross-validation will be performed.  Folds=10.
Random seed: 43
Point estimation method: Block relaxation algorithm
Convergence acceleration algorithm: QuasiNewton, 3 secant conditions
Point estimation will terminate when objective function delta < 0.0001
Estimation of standard errors disabled; will compute point estimates only.
Size of G: 448x37718
Performing five EM steps to prime main algorithm
1 (EM) 	Elapsed: 0.347	Loglikelihood: -8.26835e+06	(delta): 2.56961e+07
2 (EM) 	Elapsed: 0.347	Loglikelihood: -8.26835e+06	(delta): 0
3 (EM) 	Elapsed: 0.347	Loglikelihood: -8.26835e+06	(delta): 0
4 (EM) 	Elapsed: 0.348	Loglikelihood: -8.26835e+06	(delta): 0
5 (EM) 	Elapsed: 0.348	Loglikelihood: -8.26835e+06	(delta): 0
Initial loglikelihood: -8.26835e+06
Starting main algorithm
1 (QN/Block) 	Elapsed: 0.822	Loglikelihood: -8.26835e+06	(delta): 0
Summary: 
Converged in 1 iterations (3.458 sec)
Loglikelihood: -8268349.721829
CV error (K=1): 0.29883
Writing output files.
